<?xml version="1.0" encoding="UTF-8"?>
<!-- Generated by org.testng.reporters.JUnitReportReporter -->
<testsuite hostname="Satyam" failures="0" tests="1" name="SumValidation" time="1.745" errors="0" timestamp="2022-03-16T08:30:33 IST" skipped="0">
  <testcase classname="SumValidation" name="sumOfCourses" time="1.745"/>
  <system-out/>
</testsuite> <!-- SumValidation -->
